-------------------------------------------------------------------------------
Test set: com.mulesoft.training.HelloMavenTest
-------------------------------------------------------------------------------
Tests run: 2, Failures: 0, Errors: 2, Skipped: 0, Time elapsed: 2.318 sec <<< FAILURE! - in com.mulesoft.training.HelloMavenTest
mavenFlowReturnsHelloMaven(com.mulesoft.training.HelloMavenTest)  Time elapsed: 1.493 sec  <<< ERROR!
java.lang.IllegalAccessError: tried to access method org.springframework.beans.factory.support.DefaultSingletonBeanRegistry.getSingletonMutex()Ljava/lang/Object; from class org.springframework.context.event.AbstractApplicationEventMulticaster
	at org.springframework.context.event.AbstractApplicationEventMulticaster.setBeanFactory(AbstractApplicationEventMulticaster.java:84)
	at org.springframework.context.event.SimpleApplicationEventMulticaster.<init>(SimpleApplicationEventMulticaster.java:60)
	at org.springframework.context.support.AbstractApplicationContext.initApplicationEventMulticaster(AbstractApplicationContext.java:667)
	at org.springframework.context.support.AbstractApplicationContext.refresh(AbstractApplicationContext.java:471)
	at org.mule.config.spring.SpringRegistry.doInitialise(SpringRegistry.java:108)
	at org.mule.registry.AbstractRegistry.initialise(AbstractRegistry.java:104)
	at org.mule.config.spring.SpringXmlConfigurationBuilder.createSpringRegistry(SpringXmlConfigurationBuilder.java:172)
	at org.mule.config.spring.SpringXmlConfigurationBuilder.doConfigure(SpringXmlConfigurationBuilder.java:95)
	at org.mule.config.builders.AbstractConfigurationBuilder.configure(AbstractConfigurationBuilder.java:43)
	at org.mule.config.builders.AbstractResourceConfigurationBuilder.configure(AbstractResourceConfigurationBuilder.java:69)
	at org.mule.context.DefaultMuleContextFactory$1.configure(DefaultMuleContextFactory.java:89)
	at org.mule.context.DefaultMuleContextFactory.doCreateMuleContext(DefaultMuleContextFactory.java:222)
	at org.mule.context.DefaultMuleContextFactory.createMuleContext(DefaultMuleContextFactory.java:81)
	at org.mule.tck.junit4.AbstractMuleContextTestCase.createMuleContext(AbstractMuleContextTestCase.java:244)
	at org.mule.tck.junit4.AbstractMuleContextTestCase.setUpMuleContext(AbstractMuleContextTestCase.java:145)
	at sun.reflect.NativeMethodAccessorImpl.invoke0(Native Method)
	at sun.reflect.NativeMethodAccessorImpl.invoke(NativeMethodAccessorImpl.java:62)
	at sun.reflect.DelegatingMethodAccessorImpl.invoke(DelegatingMethodAccessorImpl.java:43)
	at java.lang.reflect.Method.invoke(Method.java:497)
	at org.junit.runners.model.FrameworkMethod$1.runReflectiveCall(FrameworkMethod.java:47)
	at org.junit.internal.runners.model.ReflectiveCallable.run(ReflectiveCallable.java:12)
	at org.junit.runners.model.FrameworkMethod.invokeExplosively(FrameworkMethod.java:44)
	at org.junit.internal.runners.statements.RunBefores.evaluate(RunBefores.java:24)
	at org.junit.internal.runners.statements.RunAfters.evaluate(RunAfters.java:27)
	at org.junit.rules.TestWatcher$1.evaluate(TestWatcher.java:55)
	at org.junit.internal.runners.statements.FailOnTimeout$StatementThread.run(FailOnTimeout.java:74)

retrieveFlightsAddsAppropriateHeader(com.mulesoft.training.HelloMavenTest)  Time elapsed: 0.321 sec  <<< ERROR!
java.lang.IllegalAccessError: tried to access method org.springframework.beans.factory.support.DefaultSingletonBeanRegistry.getSingletonMutex()Ljava/lang/Object; from class org.springframework.context.event.AbstractApplicationEventMulticaster
	at org.springframework.context.event.AbstractApplicationEventMulticaster.setBeanFactory(AbstractApplicationEventMulticaster.java:84)
	at org.springframework.context.event.SimpleApplicationEventMulticaster.<init>(SimpleApplicationEventMulticaster.java:60)
	at org.springframework.context.support.AbstractApplicationContext.initApplicationEventMulticaster(AbstractApplicationContext.java:667)
	at org.springframework.context.support.AbstractApplicationContext.refresh(AbstractApplicationContext.java:471)
	at org.mule.config.spring.SpringRegistry.doInitialise(SpringRegistry.java:108)
	at org.mule.registry.AbstractRegistry.initialise(AbstractRegistry.java:104)
	at org.mule.config.spring.SpringXmlConfigurationBuilder.createSpringRegistry(SpringXmlConfigurationBuilder.java:172)
	at org.mule.config.spring.SpringXmlConfigurationBuilder.doConfigure(SpringXmlConfigurationBuilder.java:95)
	at org.mule.config.builders.AbstractConfigurationBuilder.configure(AbstractConfigurationBuilder.java:43)
	at org.mule.config.builders.AbstractResourceConfigurationBuilder.configure(AbstractResourceConfigurationBuilder.java:69)
	at org.mule.context.DefaultMuleContextFactory$1.configure(DefaultMuleContextFactory.java:89)
	at org.mule.context.DefaultMuleContextFactory.doCreateMuleContext(DefaultMuleContextFactory.java:222)
	at org.mule.context.DefaultMuleContextFactory.createMuleContext(DefaultMuleContextFactory.java:81)
	at org.mule.tck.junit4.AbstractMuleContextTestCase.createMuleContext(AbstractMuleContextTestCase.java:244)
	at org.mule.tck.junit4.AbstractMuleContextTestCase.setUpMuleContext(AbstractMuleContextTestCase.java:145)
	at sun.reflect.NativeMethodAccessorImpl.invoke0(Native Method)
	at sun.reflect.NativeMethodAccessorImpl.invoke(NativeMethodAccessorImpl.java:62)
	at sun.reflect.DelegatingMethodAccessorImpl.invoke(DelegatingMethodAccessorImpl.java:43)
	at java.lang.reflect.Method.invoke(Method.java:497)
	at org.junit.runners.model.FrameworkMethod$1.runReflectiveCall(FrameworkMethod.java:47)
	at org.junit.internal.runners.model.ReflectiveCallable.run(ReflectiveCallable.java:12)
	at org.junit.runners.model.FrameworkMethod.invokeExplosively(FrameworkMethod.java:44)
	at org.junit.internal.runners.statements.RunBefores.evaluate(RunBefores.java:24)
	at org.junit.internal.runners.statements.RunAfters.evaluate(RunAfters.java:27)
	at org.junit.rules.TestWatcher$1.evaluate(TestWatcher.java:55)
	at org.junit.internal.runners.statements.FailOnTimeout$StatementThread.run(FailOnTimeout.java:74)

