<?xml version="1.0" encoding="UTF-8"?>
<testsuite name="com.mulesoft.training.HelloMavenTest" time="1.814" tests="2" errors="2" skipped="0" failures="0">
  <properties>
[...]
</properties>
  <testcase name="mavenFlowReturnsHelloMaven" classname="com.mulesoft.training.HelloMavenTest" time="1.493">
    <error message="tried to access method org.springframework.beans.factory.support.DefaultSingletonBeanRegistry.getSingletonMutex()Ljava/lang/Object; from class org.springframework.context.event.AbstractApplicationEventMulticaster" type="java.lang.IllegalAccessError"><![CDATA[java.lang.IllegalAccessError: tried to access method org.springframework.beans.factory.support.DefaultSingletonBeanRegistry.getSingletonMutex()Ljava/lang/Object; from class org.springframework.context.event.AbstractApplicationEventMulticaster
	at org.springframework.context.event.AbstractApplicationEventMulticaster.setBeanFactory(AbstractApplicationEventMulticaster.java:84)
	at org.springframework.context.event.SimpleApplicationEventMulticaster.<init>(SimpleApplicationEventMulticaster.java:60)
	at org.springframework.context.support.AbstractApplicationContext.initApplicationEventMulticaster(AbstractApplicationContext.java:667)
	at org.springframework.context.support.AbstractApplicationContext.refresh(AbstractApplicationContext.java:471)
	at org.mule.config.spring.SpringRegistry.doInitialise(SpringRegistry.java:108)
	at org.mule.registry.AbstractRegistry.initialise(AbstractRegistry.java:104)
	at org.mule.config.spring.SpringXmlConfigurationBuilder.createSpringRegistry(SpringXmlConfigurationBuilder.java:172)
	at org.mule.config.spring.SpringXmlConfigurationBuilder.doConfigure(SpringXmlConfigurationBuilder.java:95)
	at org.mule.config.builders.AbstractConfigurationBuilder.configure(AbstractConfigurationBuilder.java:43)
	at org.mule.config.builders.AbstractResourceConfigurationBuilder.configure(AbstractResourceConfigurationBuilder.java:69)
	at org.mule.context.DefaultMuleContextFactory$1.configure(DefaultMuleContextFactory.java:89)
	at org.mule.context.DefaultMuleContextFactory.doCreateMuleContext(DefaultMuleContextFactory.java:222)
	at org.mule.context.DefaultMuleContextFactory.createMuleContext(DefaultMuleContextFactory.java:81)
	at org.mule.tck.junit4.AbstractMuleContextTestCase.createMuleContext(AbstractMuleContextTestCase.java:244)
	at org.mule.tck.junit4.AbstractMuleContextTestCase.setUpMuleContext(AbstractMuleContextTestCase.java:145)
	at sun.reflect.NativeMethodAccessorImpl.invoke0(Native Method)
	at sun.reflect.NativeMethodAccessorImpl.invoke(NativeMethodAccessorImpl.java:62)
	at sun.reflect.DelegatingMethodAccessorImpl.invoke(DelegatingMethodAccessorImpl.java:43)
	at java.lang.reflect.Method.invoke(Method.java:497)
	at org.junit.runners.model.FrameworkMethod$1.runReflectiveCall(FrameworkMethod.java:47)
	at org.junit.internal.runners.model.ReflectiveCallable.run(ReflectiveCallable.java:12)
	at org.junit.runners.model.FrameworkMethod.invokeExplosively(FrameworkMethod.java:44)
	at org.junit.internal.runners.statements.RunBefores.evaluate(RunBefores.java:24)
	at org.junit.internal.runners.statements.RunAfters.evaluate(RunAfters.java:27)
	at org.junit.rules.TestWatcher$1.evaluate(TestWatcher.java:55)
	at org.junit.internal.runners.statements.FailOnTimeout$StatementThread.run(FailOnTimeout.java:74)
]]></error>
    <system-out><![CDATA[
================================================================================
= Testing: mavenFlowReturnsHelloMaven                                          =
================================================================================
2015-09-29 17:16:42,389 ERROR Invalid URL C:/Users/Zed/AnypointStudio/workspace/maven-project/target/test-classes/log4j2-test.xml java.net.MalformedURLException: unknown protocol: c
	at java.net.URL.<init>(URL.java:593)
	at java.net.URL.<init>(URL.java:483)
	at java.net.URL.<init>(URL.java:432)
	at java.net.URI.toURL(URI.java:1089)
	at org.apache.logging.log4j.core.config.ConfigurationFactory.getInputFromUri(ConfigurationFactory.java:296)
	at org.apache.logging.log4j.core.config.ConfigurationFactory$Factory.getConfiguration(ConfigurationFactory.java:395)
	at org.apache.logging.log4j.core.config.ConfigurationFactory.getConfiguration(ConfigurationFactory.java:254)
	at org.apache.logging.log4j.core.LoggerContext.reconfigure(LoggerContext.java:419)
	at org.mule.util.TestsLogConfigurationHelper.forceConfigFile(TestsLogConfigurationHelper.java:107)
	at org.mule.util.TestsLogConfigurationHelper.configureLoggingForTest(TestsLogConfigurationHelper.java:54)
	at org.mule.tck.junit4.AbstractMuleContextTestCase.setUpMuleContext(AbstractMuleContextTestCase.java:138)
	at sun.reflect.NativeMethodAccessorImpl.invoke0(Native Method)
	at sun.reflect.NativeMethodAccessorImpl.invoke(NativeMethodAccessorImpl.java:62)
	at sun.reflect.DelegatingMethodAccessorImpl.invoke(DelegatingMethodAccessorImpl.java:43)
	at java.lang.reflect.Method.invoke(Method.java:497)
	at org.junit.runners.model.FrameworkMethod$1.runReflectiveCall(FrameworkMethod.java:47)
	at org.junit.internal.runners.model.ReflectiveCallable.run(ReflectiveCallable.java:12)
	at org.junit.runners.model.FrameworkMethod.invokeExplosively(FrameworkMethod.java:44)
	at org.junit.internal.runners.statements.RunBefores.evaluate(RunBefores.java:24)
	at org.junit.internal.runners.statements.RunAfters.evaluate(RunAfters.java:27)
	at org.junit.rules.TestWatcher$1.evaluate(TestWatcher.java:55)
	at org.junit.internal.runners.statements.FailOnTimeout$StatementThread.run(FailOnTimeout.java:74)

INFO  2015-09-29 17:16:42,559 [Thread-1] com.mulesoft.training.HelloMavenTest: Using working directory for test: C:\Users\Zed\AppData\Local\Temp\junit1255895185179700302
INFO  2015-09-29 17:16:42,671 [Thread-1] org.mule.lifecycle.AbstractLifecycleManager: Initialising RegistryBroker
INFO  2015-09-29 17:16:42,809 [Thread-1] org.mule.config.spring.MuleArtifactContext: Refreshing org.mule.config.spring.MuleArtifactContext@4a272a1f: startup date [Tue Sep 29 17:16:42 CDT 2015]; root of context hierarchy
INFO  2015-09-29 17:16:43,812 [Thread-1] org.mule.config.spring.processors.NoDevkitInjectorProcessor: JSR-330 'javax.inject.Inject' annotation found and supported for autowiring
]]></system-out>
    <system-err><![CDATA[SLF4J: Class path contains multiple SLF4J bindings.
SLF4J: Found binding in [jar:file:/C:/Users/Zed/.m2/repository/org/apache/logging/log4j/log4j-slf4j-impl/2.1/log4j-slf4j-impl-2.1.jar!/org/slf4j/impl/StaticLoggerBinder.class]
SLF4J: Found binding in [jar:file:/C:/Users/Zed/.m2/repository/org/apache/activemq/activemq-all/5.12.0/activemq-all-5.12.0.jar!/org/slf4j/impl/StaticLoggerBinder.class]
SLF4J: See http://www.slf4j.org/codes.html#multiple_bindings for an explanation.
SLF4J: Actual binding is of type [org.apache.logging.slf4j.Log4jLoggerFactory]
]]></system-err>
  </testcase>
  <testcase name="retrieveFlightsAddsAppropriateHeader" classname="com.mulesoft.training.HelloMavenTest" time="0.321">
    <error message="tried to access method org.springframework.beans.factory.support.DefaultSingletonBeanRegistry.getSingletonMutex()Ljava/lang/Object; from class org.springframework.context.event.AbstractApplicationEventMulticaster" type="java.lang.IllegalAccessError"><![CDATA[java.lang.IllegalAccessError: tried to access method org.springframework.beans.factory.support.DefaultSingletonBeanRegistry.getSingletonMutex()Ljava/lang/Object; from class org.springframework.context.event.AbstractApplicationEventMulticaster
	at org.springframework.context.event.AbstractApplicationEventMulticaster.setBeanFactory(AbstractApplicationEventMulticaster.java:84)
	at org.springframework.context.event.SimpleApplicationEventMulticaster.<init>(SimpleApplicationEventMulticaster.java:60)
	at org.springframework.context.support.AbstractApplicationContext.initApplicationEventMulticaster(AbstractApplicationContext.java:667)
	at org.springframework.context.support.AbstractApplicationContext.refresh(AbstractApplicationContext.java:471)
	at org.mule.config.spring.SpringRegistry.doInitialise(SpringRegistry.java:108)
	at org.mule.registry.AbstractRegistry.initialise(AbstractRegistry.java:104)
	at org.mule.config.spring.SpringXmlConfigurationBuilder.createSpringRegistry(SpringXmlConfigurationBuilder.java:172)
	at org.mule.config.spring.SpringXmlConfigurationBuilder.doConfigure(SpringXmlConfigurationBuilder.java:95)
	at org.mule.config.builders.AbstractConfigurationBuilder.configure(AbstractConfigurationBuilder.java:43)
	at org.mule.config.builders.AbstractResourceConfigurationBuilder.configure(AbstractResourceConfigurationBuilder.java:69)
	at org.mule.context.DefaultMuleContextFactory$1.configure(DefaultMuleContextFactory.java:89)
	at org.mule.context.DefaultMuleContextFactory.doCreateMuleContext(DefaultMuleContextFactory.java:222)
	at org.mule.context.DefaultMuleContextFactory.createMuleContext(DefaultMuleContextFactory.java:81)
	at org.mule.tck.junit4.AbstractMuleContextTestCase.createMuleContext(AbstractMuleContextTestCase.java:244)
	at org.mule.tck.junit4.AbstractMuleContextTestCase.setUpMuleContext(AbstractMuleContextTestCase.java:145)
	at sun.reflect.NativeMethodAccessorImpl.invoke0(Native Method)
	at sun.reflect.NativeMethodAccessorImpl.invoke(NativeMethodAccessorImpl.java:62)
	at sun.reflect.DelegatingMethodAccessorImpl.invoke(DelegatingMethodAccessorImpl.java:43)
	at java.lang.reflect.Method.invoke(Method.java:497)
	at org.junit.runners.model.FrameworkMethod$1.runReflectiveCall(FrameworkMethod.java:47)
	at org.junit.internal.runners.model.ReflectiveCallable.run(ReflectiveCallable.java:12)
	at org.junit.runners.model.FrameworkMethod.invokeExplosively(FrameworkMethod.java:44)
	at org.junit.internal.runners.statements.RunBefores.evaluate(RunBefores.java:24)
	at org.junit.internal.runners.statements.RunAfters.evaluate(RunAfters.java:27)
	at org.junit.rules.TestWatcher$1.evaluate(TestWatcher.java:55)
	at org.junit.internal.runners.statements.FailOnTimeout$StatementThread.run(FailOnTimeout.java:74)
]]></error>
    <system-out><![CDATA[
================================================================================
= Testing: retrieveFlightsAddsAppropriateHeader                                =
================================================================================
2015-09-29 17:16:43,857 ERROR Invalid URL C:/Users/Zed/AnypointStudio/workspace/maven-project/target/test-classes/log4j2-test.xml java.net.MalformedURLException: unknown protocol: c
	at java.net.URL.<init>(URL.java:593)
	at java.net.URL.<init>(URL.java:483)
	at java.net.URL.<init>(URL.java:432)
	at java.net.URI.toURL(URI.java:1089)
	at org.apache.logging.log4j.core.config.ConfigurationFactory.getInputFromUri(ConfigurationFactory.java:296)
	at org.apache.logging.log4j.core.config.ConfigurationFactory$Factory.getConfiguration(ConfigurationFactory.java:395)
	at org.apache.logging.log4j.core.config.ConfigurationFactory.getConfiguration(ConfigurationFactory.java:254)
	at org.apache.logging.log4j.core.LoggerContext.reconfigure(LoggerContext.java:419)
	at org.mule.util.TestsLogConfigurationHelper.forceConfigFile(TestsLogConfigurationHelper.java:107)
	at org.mule.util.TestsLogConfigurationHelper.configureLoggingForTest(TestsLogConfigurationHelper.java:54)
	at org.mule.tck.junit4.AbstractMuleContextTestCase.setUpMuleContext(AbstractMuleContextTestCase.java:138)
	at sun.reflect.NativeMethodAccessorImpl.invoke0(Native Method)
	at sun.reflect.NativeMethodAccessorImpl.invoke(NativeMethodAccessorImpl.java:62)
	at sun.reflect.DelegatingMethodAccessorImpl.invoke(DelegatingMethodAccessorImpl.java:43)
	at java.lang.reflect.Method.invoke(Method.java:497)
	at org.junit.runners.model.FrameworkMethod$1.runReflectiveCall(FrameworkMethod.java:47)
	at org.junit.internal.runners.model.ReflectiveCallable.run(ReflectiveCallable.java:12)
	at org.junit.runners.model.FrameworkMethod.invokeExplosively(FrameworkMethod.java:44)
	at org.junit.internal.runners.statements.RunBefores.evaluate(RunBefores.java:24)
	at org.junit.internal.runners.statements.RunAfters.evaluate(RunAfters.java:27)
	at org.junit.rules.TestWatcher$1.evaluate(TestWatcher.java:55)
	at org.junit.internal.runners.statements.FailOnTimeout$StatementThread.run(FailOnTimeout.java:74)

INFO  2015-09-29 17:16:43,886 [Thread-3] com.mulesoft.training.HelloMavenTest: Using working directory for test: C:\Users\Zed\AppData\Local\Temp\junit2336812525184974922
INFO  2015-09-29 17:16:43,891 [Thread-3] org.mule.lifecycle.AbstractLifecycleManager: Initialising RegistryBroker
INFO  2015-09-29 17:16:43,897 [Thread-3] org.mule.config.spring.MuleArtifactContext: Refreshing org.mule.config.spring.MuleArtifactContext@2354363: startup date [Tue Sep 29 17:16:43 CDT 2015]; root of context hierarchy
INFO  2015-09-29 17:16:44,169 [Thread-3] org.mule.config.spring.processors.NoDevkitInjectorProcessor: JSR-330 'javax.inject.Inject' annotation found and supported for autowiring
]]></system-out>
  </testcase>
</testsuite>